[Appium] Welcome to Appium v1.7.2
[Appium] Non-default server args:
[Appium]   port: 51486
[Appium]   chromeDriverPort: 51488
[Appium]   tmpDir: C:\Users\THEFRA~1\AppData\Local\Temp\\Katalon\Appium\Temp1522852042411
[Appium] Appium REST http interface listener started on 0.0.0.0:51486
[HTTP] --> GET /wd/hub/status {}
[debug] [MJSONWP] Calling AppiumDriver.getStatus() with args: []
[debug] [MJSONWP] Responding to client with driver.getStatus() result: {"build":{"version":"1.7.2","revision":null}}
[HTTP] <-- GET /wd/hub/status 200 7 ms - 72 
[HTTP] --> GET /wd/hub/status {}
[debug] [MJSONWP] Calling AppiumDriver.getStatus() with args: []
[debug] [MJSONWP] Responding to client with driver.getStatus() result: {"build":{"version":"1.7.2","revision":null}}
[HTTP] <-- GET /wd/hub/status 200 2 ms - 72 
[HTTP] --> POST /wd/hub/session {"desiredCapabilities":{"app":"C:\\Users\\THE FRANKENSTINE\\Desktop\\com.bluewatertech.droid.ford.lg.sk.apk","appWaitAActivity":"com.*","autoGrantPermissions":true,"automationName":"uiautomator2","deviceId":"98efea81057a8bc5","deviceName":"samsung SM-T713 (Android 7.0)","fullReset":false,"newCommandTimeout":1800,"noReset":true,"platform":"ANDROID","platformName":"Android","udid":"98efea81057a8bc5"},"capabilities":{"desiredCapabilities":{"app":"C:\\Users\\THE FRANKENSTINE\\Desktop\\com.bluewatertech.droid.ford.lg.sk.apk","appWaitAActivity":"com.*","autoGrantPermissions":true,"automationName":"uiautomator2","deviceId":"98efea81057a8bc5","deviceName":"samsung SM-T713 (Android 7.0)","fullReset":false,"newCommandTimeout":1800,"noReset":true,"platform":"ANDROID","platformName":"Android","udid":"98efea81057a8bc5"},"firstMatch":[{"platformName":"android"}]}}
[debug] [MJSONWP] Calling AppiumDriver.createSession() with args: [{"app":"C:\\Users\\THE FRANKENSTINE\\Desktop\\com.bluewatertech.droid.ford.lg.sk.apk","appWaitAActivity":"com.*","autoGrantPermissions":true,"automationName":"uiautomator2","deviceId":"98efea81057a8bc5","deviceName":"samsung SM-T713 (Android 7.0)","fullReset":false,"newCommandTimeout":1800,"noReset":true,"platform":"ANDROID","platformName":"Android","udid":"98efea81057a8bc5"},null,{"desiredCapabilities":{"app":"C:\\Users\\THE FRANKENSTINE\\Desktop\\com.bluewatertech.droid.ford.lg.sk.apk","appWaitAActivity":"com.*","autoGrantPermissions":true,"automationName":"uiautomator2","deviceId":"98efea81057a8bc5","deviceName":"samsung SM-T713 (Android 7.0)","fullReset":false,"newCommandTimeout":1800,"noReset":true,"platform":"ANDROID","platformName":"Android","udid":"98efea81057a8bc5"},"firstMatch":[{"platformName":"android"}]}]
[debug] [BaseDriver] Event 'newSessionRequested' logged at 1522852045424 (10:27:25 GMT-0400 (Eastern Daylight Time))
[Appium] Merged W3C capabilities {"desiredCapabilities":{"app":"C:\\Users\\THE F... into desiredCapabilities object {"app":"C:\\Users\\THE FRANKENSTINE\\Desktop\\c...
[Appium] Creating new AndroidUiautomator2Driver (v0.11.0) session
[Appium] Capabilities:
[Appium]   app: C:\Users\THE FRANKENSTINE\Desktop\com.bluewatertech.droid.ford.lg.sk.apk
[Appium]   appWaitAActivity: com.*
[Appium]   autoGrantPermissions: true
[Appium]   automationName: uiautomator2
[Appium]   deviceId: 98efea81057a8bc5
[Appium]   deviceName: samsung SM-T713 (Android 7.0)
[Appium]   fullReset: false
[Appium]   newCommandTimeout: 1800
[Appium]   noReset: true
[Appium]   platform: ANDROID
[Appium]   platformName: android
[Appium]   udid: 98efea81057a8bc5
[BaseDriver] The following capabilities were provided, but are not recognized by appium: appWaitAActivity, deviceId, platform.
[BaseDriver] Session created with session id: 03d9be6f-45e2-4663-a948-6bea5d38aed8
[BaseDriver] Using local app 'C:\Users\THE FRANKENSTINE\Desktop\com.bluewatertech.droid.ford.lg.sk.apk'
[debug] [UiAutomator2] Checking whether app is actually present
[debug] [AndroidDriver] Getting Java version
[AndroidDriver] Java version is: 1.8.0_102
[ADB] Checking whether adb is present
[ADB] Using adb.exe from C:\Users\THE FRANKENSTINE\.katalon\tools\android_sdk\platform-tools\adb.exe
[AndroidDriver] Retrieving device list
[debug] [ADB] Trying to find a connected android device
[debug] [ADB] Getting connected devices...
[debug] [ADB] 1 device(s) connected
[AndroidDriver] Using device: 98efea81057a8bc5
[ADB] Checking whether adb is present
[debug] [ADB] Setting device id to 98efea81057a8bc5
[debug] [ADB] Getting connected devices...
[debug] [ADB] 1 device(s) connected
[debug] [ADB] Running 'C:\Users\THE FRANKENSTINE\.katalon\tools\android_sdk\platform-tools\adb.exe' with args: ["-P",5037,"-s","98efea81057a8bc5","shell","getprop","ro.build.version.sdk"]
[debug] [ADB] Current device property 'ro.build.version.sdk': 24
[debug] [ADB] Device API level: 24
[debug] [AndroidDriver] Parsing package and activity from app manifest
[ADB] Checking whether aapt is present
[ADB] Using aapt.exe from C:\Users\THE FRANKENSTINE\.katalon\tools\android_sdk\build-tools\27.0.3\aapt.exe
[ADB] Extracting package and launch activity from manifest
[debug] [ADB] badging package: com.bluewatertech.droid.ford.lg.sk
[debug] [ADB] badging act: md51f1222eaf9c602f67814d4702b978f22.SplashActivity
[debug] [AndroidDriver] Parsed package and activity are: com.bluewatertech.droid.ford.lg.sk/md51f1222eaf9c602f67814d4702b978f22.SplashActivity
[ADB] Getting device platform version
[debug] [ADB] Getting connected devices...
[debug] [ADB] 1 device(s) connected
[debug] [ADB] Running 'C:\Users\THE FRANKENSTINE\.katalon\tools\android_sdk\platform-tools\adb.exe' with args: ["-P",5037,"-s","98efea81057a8bc5","shell","getprop","ro.build.version.release"]
[debug] [ADB] Current device property 'ro.build.version.release': 7.0
[debug] [ADB] Getting connected devices...
[debug] [ADB] 1 device(s) connected
[debug] [ADB] Running 'C:\Users\THE FRANKENSTINE\.katalon\tools\android_sdk\platform-tools\adb.exe' with args: ["-P",5037,"-s","98efea81057a8bc5","shell","wm","size"]
[debug] [ADB] Getting connected devices...
[debug] [ADB] 1 device(s) connected
[debug] [ADB] Running 'C:\Users\THE FRANKENSTINE\.katalon\tools\android_sdk\platform-tools\adb.exe' with args: ["-P",5037,"-s","98efea81057a8bc5","shell","wm","density"]
[debug] [ADB] Getting connected devices...
[debug] [ADB] 1 device(s) connected
[debug] [ADB] Running 'C:\Users\THE FRANKENSTINE\.katalon\tools\android_sdk\platform-tools\adb.exe' with args: ["-P",5037,"-s","98efea81057a8bc5","shell","getprop","ro.product.model"]
[debug] [ADB] Current device property 'ro.product.model': SM-T713
[debug] [ADB] Getting connected devices...
[debug] [ADB] 1 device(s) connected
[debug] [ADB] Running 'C:\Users\THE FRANKENSTINE\.katalon\tools\android_sdk\platform-tools\adb.exe' with args: ["-P",5037,"-s","98efea81057a8bc5","shell","getprop","ro.product.manufacturer"]
[debug] [ADB] Current device property 'ro.product.manufacturer': samsung
[debug] [ADB] Getting connected devices...
[debug] [ADB] 1 device(s) connected
[debug] [ADB] Running 'C:\Users\THE FRANKENSTINE\.katalon\tools\android_sdk\platform-tools\adb.exe' with args: ["-P",5037,"-s","98efea81057a8bc5","shell","am","force-stop","io.appium.uiautomator2.server"]
[ADB] Checking whether aapt is present
[debug] [ADB] Getting install status for io.appium.uiautomator2.server
[debug] [ADB] Getting connected devices...
[debug] [ADB] 1 device(s) connected
[debug] [ADB] Running 'C:\Users\THE FRANKENSTINE\.katalon\tools\android_sdk\platform-tools\adb.exe' with args: ["-P",5037,"-s","98efea81057a8bc5","shell","pm","list","packages","io.appium.uiautomator2.server"]
[debug] [ADB] App is installed
[debug] [ADB] Getting install status for io.appium.uiautomator2.server.test
[debug] [ADB] Getting connected devices...
[debug] [ADB] 1 device(s) connected
[debug] [ADB] Running 'C:\Users\THE FRANKENSTINE\.katalon\tools\android_sdk\platform-tools\adb.exe' with args: ["-P",5037,"-s","98efea81057a8bc5","shell","pm","list","packages","io.appium.uiautomator2.server.test"]
[debug] [ADB] App is installed
[debug] [ADB] Getting package info for io.appium.uiautomator2.server
[debug] [ADB] Getting connected devices...
[debug] [ADB] 1 device(s) connected
[debug] [ADB] Running 'C:\Users\THE FRANKENSTINE\.katalon\tools\android_sdk\platform-tools\adb.exe' with args: ["-P",5037,"-s","98efea81057a8bc5","shell","dumpsys","package","io.appium.uiautomator2.server"]
[debug] [UiAutomator2] Waiting up to 20000ms for instrumentation 'io.appium.uiautomator2.server.test/android.support.test.runner.AndroidJUnitRunner' to be available
[debug] [ADB] Getting connected devices...
[debug] [ADB] 1 device(s) connected
[debug] [ADB] Running 'C:\Users\THE FRANKENSTINE\.katalon\tools\android_sdk\platform-tools\adb.exe' with args: ["-P",5037,"-s","98efea81057a8bc5","shell","pm","list","instrumentation"]
[debug] [UiAutomator2] Instrumentation 'io.appium.uiautomator2.server.test/android.support.test.runner.AndroidJUnitRunner' available
[debug] [ADB] Running 'C:\Users\THE FRANKENSTINE\.katalon\tools\android_sdk\platform-tools\adb.exe' with args: ["-P",5037,"-s","98efea81057a8bc5","wait-for-device"]
[debug] [ADB] Getting connected devices...
[debug] [ADB] 1 device(s) connected
[debug] [ADB] Running 'C:\Users\THE FRANKENSTINE\.katalon\tools\android_sdk\platform-tools\adb.exe' with args: ["-P",5037,"-s","98efea81057a8bc5","shell","echo","ping"]
[AndroidDriver] setDeviceLanguageCountry requires language or country.
[AndroidDriver] Got language: 'null' and country: 'null'
[debug] [Logcat] Starting logcat capture
[debug] [AndroidDriver] Pushing settings apk to device...
[debug] [ADB] Getting install status for io.appium.settings
[debug] [ADB] Getting connected devices...
[debug] [ADB] 1 device(s) connected
[debug] [ADB] Running 'C:\Users\THE FRANKENSTINE\.katalon\tools\android_sdk\platform-tools\adb.exe' with args: ["-P",5037,"-s","98efea81057a8bc5","shell","pm","list","packages","io.appium.settings"]
[debug] [ADB] App is installed
[debug] [ADB] Getting package info for io.appium.settings
[debug] [ADB] Getting connected devices...
[debug] [ADB] 1 device(s) connected
[debug] [ADB] Running 'C:\Users\THE FRANKENSTINE\.katalon\tools\android_sdk\platform-tools\adb.exe' with args: ["-P",5037,"-s","98efea81057a8bc5","shell","dumpsys","package","io.appium.settings"]
[ADB] Checking whether aapt is present
[debug] [ADB] The installed 'io.appium.settings' package does not require upgrade (5 >= 5)
[debug] [ADB] Device API level: 24
[debug] [ADB] Getting connected devices...
[debug] [ADB] 1 device(s) connected
[debug] [ADB] Running 'C:\Users\THE FRANKENSTINE\.katalon\tools\android_sdk\platform-tools\adb.exe' with args: ["-P",5037,"-s","98efea81057a8bc5","shell","dumpsys","package","io.appium.settings"]
[debug] [ADB] Getting connected devices...
[debug] [ADB] 1 device(s) connected
[debug] [ADB] Running 'C:\Users\THE FRANKENSTINE\.katalon\tools\android_sdk\platform-tools\adb.exe' with args: ["-P",5037,"-s","98efea81057a8bc5","shell","pm","dump","io.appium.settings"]
[debug] [ADB] Got the following command chunks to execute: pm,grant,io.appium.settings,android.permission.WRITE_SETTINGS,;,pm,grant,io.appium.settings,android.permission.ACCESS_MOCK_LOCATION,;
[debug] [ADB] Getting connected devices...
[debug] [ADB] 1 device(s) connected
[debug] [ADB] Running 'C:\Users\THE FRANKENSTINE\.katalon\tools\android_sdk\platform-tools\adb.exe' with args: ["-P",5037,"-s","98efea81057a8bc5","shell","pm","grant","io.appium.settings","android.permission.WRITE_SETTINGS",";","pm","grant","io.appium.settings","android.permission.ACCESS_MOCK_LOCATION",";"]
[debug] [ADB] Running 'C:\Users\THE FRANKENSTINE\.katalon\tools\android_sdk\platform-tools\adb.exe' with args: ["-P",5037,"-s","98efea81057a8bc5","shell","pm","grant","io.appium.settings","android.permission.WRITE_SETTINGS",";","pm","grant","io.appium.settings","android.permission.ACCESS_MOCK_LOCATION",";"]
[debug] [ADB] Getting connected devices...
[debug] [ADB] 1 device(s) connected
[debug] [ADB] Running 'C:\Users\THE FRANKENSTINE\.katalon\tools\android_sdk\platform-tools\adb.exe' with args: ["-P",5037,"-s","98efea81057a8bc5","shell","ps"]
[debug] [ADB] Device API level: 24
[debug] [ADB] Getting connected devices...
[debug] [ADB] 1 device(s) connected
[debug] [ADB] Running 'C:\Users\THE FRANKENSTINE\.katalon\tools\android_sdk\platform-tools\adb.exe' with args: ["-P",5037,"-s","98efea81057a8bc5","shell","appops","set","io.appium.settings","android:mock_location","allow"]
[debug] [AndroidDriver] Pushing unlock helper app to device...
[debug] [ADB] Getting install status for io.appium.unlock
[debug] [ADB] Getting connected devices...
[debug] [ADB] 1 device(s) connected
[debug] [ADB] Running 'C:\Users\THE FRANKENSTINE\.katalon\tools\android_sdk\platform-tools\adb.exe' with args: ["-P",5037,"-s","98efea81057a8bc5","shell","pm","list","packages","io.appium.unlock"]
[debug] [ADB] App is installed
[debug] [ADB] Getting package info for io.appium.unlock
[debug] [ADB] Getting connected devices...
[debug] [ADB] 1 device(s) connected
[debug] [ADB] Running 'C:\Users\THE FRANKENSTINE\.katalon\tools\android_sdk\platform-tools\adb.exe' with args: ["-P",5037,"-s","98efea81057a8bc5","shell","dumpsys","package","io.appium.unlock"]
[ADB] Checking whether aapt is present
[debug] [ADB] The installed 'io.appium.unlock' package does not require upgrade (2 >= 2)
[debug] [UiAutomator2] Forwarding UiAutomator2 Server port 6790 to 8200
[debug] [ADB] Forwarding system: 8200 to device: 6790
[debug] [ADB] Running 'C:\Users\THE FRANKENSTINE\.katalon\tools\android_sdk\platform-tools\adb.exe' with args: ["-P",5037,"-s","98efea81057a8bc5","forward","tcp:8200","tcp:6790"]
[debug] [ADB] Getting connected devices...
[debug] [ADB] 1 device(s) connected
[debug] [ADB] Running 'C:\Users\THE FRANKENSTINE\.katalon\tools\android_sdk\platform-tools\adb.exe' with args: ["-P",5037,"-s","98efea81057a8bc5","shell","dumpsys","window"]
[AndroidDriver] Screen already unlocked, doing nothing
[debug] [AndroidDriver] Extracting strings from apk C:\Users\THE FRANKENSTINE\Desktop\com.bluewatertech.droid.ford.lg.sk.apk null C:\Users\THEFRA~1\AppData\Local\Temp\Katalon\Appium\Temp1522852042411\com.bluewatertech.droid.ford.lg.sk
[debug] [ADB] Extracting strings for language: default
[debug] [ADB] Device API level: 24
[debug] [ADB] Getting connected devices...
[debug] [ADB] 1 device(s) connected
[debug] [ADB] Running 'C:\Users\THE FRANKENSTINE\.katalon\tools\android_sdk\platform-tools\adb.exe' with args: ["-P",5037,"-s","98efea81057a8bc5","shell","getprop","persist.sys.locale"]
[debug] [ADB] Current device property 'persist.sys.locale': en-US
[debug] [ADB] No strings.xml for language 'en', getting default strings.xml
[debug] [ADB] Reading strings from converted strings.json
[debug] [ADB] Running 'C:\Users\THE FRANKENSTINE\.katalon\tools\android_sdk\platform-tools\adb.exe' with args: ["-P",5037,"-s","98efea81057a8bc5","push","C:\\Users\\THEFRA~1\\AppData\\Local\\Temp\\Katalon\\Appium\\Temp1522852042411\\com.bluewatertech.droid.ford.lg.sk\\strings.json","/data/local/tmp"]
[debug] [ADB] Checking app cert for C:\Users\THE FRANKENSTINE\Desktop\com.bluewatertech.droid.ford.lg.sk.apk
[ADB] Using apksigner.bat from C:\Users\THE FRANKENSTINE\.katalon\tools\android_sdk\build-tools\27.0.3\apksigner.bat
[debug] [ADB] Patching 'C:\Users\THE FRANKENSTINE\.katalon\tools\android_sdk\build-tools\27.0.3\apksigner.bat' for Windows...
[debug] [ADB] Starting patched 'C:\Users\THEFRA~1\AppData\Local\Temp\201834-4756-16kk4e7.g0bt\apksigner.bat' with args 'verify,C:\Users\THE FRANKENSTINE\Desktop\com.bluewatertech.droid.ford.lg.sk.apk'
[debug] [ADB] 'C:\Users\THE FRANKENSTINE\Desktop\com.bluewatertech.droid.ford.lg.sk.apk' is not signed with debug cert.
[debug] [ADB] Zip-aligning 'C:\Users\THE FRANKENSTINE\Desktop\com.bluewatertech.droid.ford.lg.sk.apk'
[ADB] Checking whether zipalign is present
[ADB] Using zipalign.exe from C:\Users\THE FRANKENSTINE\.katalon\tools\android_sdk\build-tools\27.0.3\zipalign.exe
[debug] [ADB] Signing 'C:\Users\THE FRANKENSTINE\Desktop\com.bluewatertech.droid.ford.lg.sk.apk' with default cert
[debug] [ADB] Patching 'C:\Users\THE FRANKENSTINE\.katalon\tools\android_sdk\build-tools\27.0.3\apksigner.bat' for Windows...
[debug] [ADB] Starting patched 'C:\Users\THEFRA~1\AppData\Local\Temp\201834-4756-1sjcu7g.txpi\apksigner.bat' with args 'sign,--key,C:\Users\THE FRANKENSTINE\AppData\Roaming\npm\node_modules\appium\node_modules\appium-adb\keys\testkey.pk8,--cert,C:\Users\THE FRANKENSTINE\AppData\Roaming\npm\node_modules\appium\node_modules\appium-adb\keys\testkey.x509.pem,C:\Users\THE FRANKENSTINE\Desktop\com.bluewatertech.droid.ford.lg.sk.apk'
[ADB] Cannot use apksigner tool for signing. Defaulting to sign.jar. Original error: Command 'C\:\\Users\\THEFRA~1\\AppData\\Local\\Temp\\201834-4756-1sjcu7g.txpi\\apksigner.bat sign --key 'C:\\Users\\THE FRANKENSTINE\\AppData\\Roaming\\npm\\node_modules\\appium\\node_modules\\appium-adb\\keys\\testkey.pk8' --cert 'C:\\Users\\THE FRANKENSTINE\\AppData\\Roaming\\npm\\node_modules\\appium\\node_modules\\appium-adb\\keys\\testkey.x509.pem' 'C:\\Users\\THE FRANKENSTINE\\Desktop\\com.bluewatertech.droid.ford.lg.sk.apk'' exited with code 1
[debug] [ADB] Resigning apk.
[AndroidDriver] Remote apk path is /data/local/tmp/e03db8d005451118ced95da5be5ca745.apk
[debug] [ADB] Getting connected devices...
[debug] [ADB] 1 device(s) connected
[debug] [ADB] Running 'C:\Users\THE FRANKENSTINE\.katalon\tools\android_sdk\platform-tools\adb.exe' with args: ["-P",5037,"-s","98efea81057a8bc5","shell","ls","/data/local/tmp/e03db8d005451118ced95da5be5ca745.apk"]
[debug] [AndroidDriver] Checking if app is installed
[debug] [ADB] Getting install status for com.bluewatertech.droid.ford.lg.sk
[debug] [ADB] Getting connected devices...
[debug] [ADB] 1 device(s) connected
[debug] [ADB] Running 'C:\Users\THE FRANKENSTINE\.katalon\tools\android_sdk\platform-tools\adb.exe' with args: ["-P",5037,"-s","98efea81057a8bc5","shell","pm","list","packages","com.bluewatertech.droid.ford.lg.sk"]
[debug] [ADB] App is not installed
[AndroidDriver] Apk is not yet installed
[AndroidDriver] installing apk from remote
[debug] [ADB] Getting connected devices...
[debug] [ADB] 1 device(s) connected
[debug] [ADB] Running 'C:\Users\THE FRANKENSTINE\.katalon\tools\android_sdk\platform-tools\adb.exe' with args: ["-P",5037,"-s","98efea81057a8bc5","shell","mkdir","-p","/data/local/tmp"]
[AndroidDriver] Clearing out any existing remote apks with the same hash
[debug] [AndroidDriver] Removing any old apks
[debug] [AndroidDriver] Except ["e03db8d005451118ced95da5be5ca745"]
[debug] [ADB] Getting connected devices...
[debug] [ADB] 1 device(s) connected
[debug] [ADB] Running 'C:\Users\THE FRANKENSTINE\.katalon\tools\android_sdk\platform-tools\adb.exe' with args: ["-P",5037,"-s","98efea81057a8bc5","shell","ls","/data/local/tmp/*.apk"]
[debug] [ADB] Uninstalling com.bluewatertech.droid.ford.lg.sk
[debug] [ADB] Getting install status for com.bluewatertech.droid.ford.lg.sk
[debug] [ADB] Getting connected devices...
[debug] [ADB] 1 device(s) connected
[debug] [ADB] Running 'C:\Users\THE FRANKENSTINE\.katalon\tools\android_sdk\platform-tools\adb.exe' with args: ["-P",5037,"-s","98efea81057a8bc5","shell","pm","list","packages","com.bluewatertech.droid.ford.lg.sk"]
[debug] [ADB] App is not installed
[ADB] com.bluewatertech.droid.ford.lg.sk was not uninstalled, because it was not present on the device
[debug] [ADB] Getting connected devices...
[debug] [ADB] 1 device(s) connected
[debug] [ADB] Running 'C:\Users\THE FRANKENSTINE\.katalon\tools\android_sdk\platform-tools\adb.exe' with args: ["-P",5037,"-s","98efea81057a8bc5","shell","pm","install","-r","/data/local/tmp/e03db8d005451118ced95da5be5ca745.apk"]
[debug] [ADB] Device API level: 24
[ADB] Checking whether aapt is present
[ADB] Extracting package and launch activity from manifest
[debug] [ADB] Getting connected devices...
[debug] [ADB] 1 device(s) connected
[debug] [ADB] Running 'C:\Users\THE FRANKENSTINE\.katalon\tools\android_sdk\platform-tools\adb.exe' with args: ["-P",5037,"-s","98efea81057a8bc5","shell","pm","dump","com.bluewatertech.droid.ford.lg.sk"]
[debug] [ADB] Got the following command chunks to execute: pm,grant,com.bluewatertech.droid.ford.lg.sk,android.permission.SET_TIME,;
[debug] [ADB] Getting connected devices...
[debug] [ADB] 1 device(s) connected
[debug] [ADB] Running 'C:\Users\THE FRANKENSTINE\.katalon\tools\android_sdk\platform-tools\adb.exe' with args: ["-P",5037,"-s","98efea81057a8bc5","shell","pm","grant","com.bluewatertech.droid.ford.lg.sk","android.permission.SET_TIME",";"]
[debug] [ADB] Running 'C:\Users\THE FRANKENSTINE\.katalon\tools\android_sdk\platform-tools\adb.exe' with args: ["-P",5037,"-s","98efea81057a8bc5","shell","pm","grant","com.bluewatertech.droid.ford.lg.sk","android.permission.SET_TIME",";"]
[debug] [ADB] Getting connected devices...
[debug] [ADB] 1 device(s) connected
[debug] [ADB] Running 'C:\Users\THE FRANKENSTINE\.katalon\tools\android_sdk\platform-tools\adb.exe' with args: ["-P",5037,"-s","98efea81057a8bc5","shell","am","force-stop","io.appium.uiautomator2.server"]
[UiAutomator2] Starting uiautomator2 server v0.3.0
[UiAutomator2] Running command: 'adb -s 98efea81057a8bc5 shell am instrument -w io.appium.uiautomator2.server.test/android.support.test.runner.AndroidJUnitRunner'
[UiAutomator2] Waiting up to 20000ms for UiAutomator2 to be online...
[debug] [JSONWP Proxy] Proxying [GET /status] to [GET http://localhost:8200/wd/hub/status] with no body
[debug] [JSONWP Proxy] Proxying [GET /status] to [GET http://localhost:8200/wd/hub/status] with no body
[debug] [JSONWP Proxy] Proxying [GET /status] to [GET http://localhost:8200/wd/hub/status] with no body
[debug] [JSONWP Proxy] Proxying [GET /status] to [GET http://localhost:8200/wd/hub/status] with no body
[debug] [JSONWP Proxy] Got response with status 200: "{\"sessionId\":\"SESSIONID\",\"status\":0,\"value\":\"Status Invoked\"}"
[debug] [JSONWP Proxy] Proxying [POST /session] to [POST http://localhost:8200/wd/hub/session] with body: {"desiredCapabilities":{"platform":"ANDROID","webStorageEnabled":false,"takesScreenshot":true,"javascriptEnabled":true,"databaseEnabled":false,"networkConnectionEnabled":true,"locationContextEnabled":false,"warnings":{},"desired":{"app":"C:\\Users\\THE FRANKENSTINE\\Desktop\\com.bluewatertech.droid.ford.lg.sk.apk","appWaitAActivity":"com.*","autoGrantPermissions":true,"automationName":"uiautomator2","deviceId":"98efea81057a8bc5","deviceName":"samsung SM-T713 (Android 7.0)","fullReset":false,"newCommandTimeout":1800,"noReset":true,"platform":"ANDROID","platformName":"android","udid":"98efea81057a8bc5"},"app":"C:\\Users\\THE FRANKENSTINE\\Desktop\\com.bluewatertech.droid.ford.lg.sk.apk","appWaitAActivity":"com.*","autoGrantPermissions":true,"automationName":"uiautomator2","deviceId":"98efea81057a8bc5","deviceName":"98efea81057a8bc5","fullReset":false,"newCommandTimeout":1800,"noReset":true,"platformName":"android","udid":"98efea81057a8bc5","deviceUDID":"98efea81057a8bc5","platformVersion":"7.0","deviceScreen...
[debug] [JSONWP Proxy] Got response with status 200: {"sessionId":"350b9cb9-54ca-4578-8535-1e888a957d33","status":0,"value":"Created Session"}
[UiAutomator2] UiAutomator2 did not start the activity we were waiting for, 'com.bluewatertech.droid.ford.lg.sk/md51f1222eaf9c602f67814d4702b978f22.SplashActivity'. Starting it ourselves
[debug] [ADB] Device API level: 24
[debug] [ADB] Getting connected devices...
[debug] [ADB] 1 device(s) connected
[debug] [ADB] Running 'C:\Users\THE FRANKENSTINE\.katalon\tools\android_sdk\platform-tools\adb.exe' with args: ["-P",5037,"-s","98efea81057a8bc5","shell","am","start","-W","-n","com.bluewatertech.droid.ford.lg.sk/md51f1222eaf9c602f67814d4702b978f22.SplashActivity","-S","-a","android.intent.action.MAIN","-c","android.intent.category.LAUNCHER","-f","0x10200000"]
[debug] [ADB] Running 'C:\Users\THE FRANKENSTINE\.katalon\tools\android_sdk\platform-tools\adb.exe' with args: ["-P",5037,"-s","98efea81057a8bc5","shell","am","start","-W","-n","com.bluewatertech.droid.ford.lg.sk/md51f1222eaf9c602f67814d4702b978f22.SplashActivity","-S","-a","android.intent.action.MAIN","-c","android.intent.category.LAUNCHER","-f","0x10200000"]
[debug] [ADB] Waiting up to 20000ms for activity matching pkg: 'com.bluewatertech.droid.ford.lg.sk' and activity: 'md51f1222eaf9c602f67814d4702b978f22.SplashActivity' to be focused
[debug] [ADB] Possible activities, to be checked: 'md51f1222eaf9c602f67814d4702b978f22.SplashActivity'
[debug] [ADB] Getting focused package and activity
[debug] [ADB] Getting connected devices...
[debug] [ADB] 1 device(s) connected
[debug] [ADB] Running 'C:\Users\THE FRANKENSTINE\.katalon\tools\android_sdk\platform-tools\adb.exe' with args: ["-P",5037,"-s","98efea81057a8bc5","shell","dumpsys","window","windows"]
[debug] [ADB] Found package: 'com.bluewatertech.droid.ford.lg.sk' and fully qualified activity name : 'md51f1222eaf9c602f67814d4702b978f22.SplashActivity'
[Appium] New AndroidUiautomator2Driver session created successfully, session 03d9be6f-45e2-4663-a948-6bea5d38aed8 added to master session list
[debug] [BaseDriver] Event 'newSessionStarted' logged at 1522852131744 (10:28:51 GMT-0400 (Eastern Daylight Time))
[debug] [MJSONWP] Responding to client with driver.createSession() result: {"app":"C:\\Users\\THE FRANKENSTINE\\Desktop\\com.bluewatertech.droid.ford.lg.sk.apk","appWaitAActivity":"com.*","autoGrantPermissions":true,"automationName":"uiautomator2","deviceId":"98efea81057a8bc5","deviceName":"samsung SM-T713 (Android 7.0)","fullReset":false,"newCommandTimeout":1800,"noReset":true,"platform":"ANDROID","platformName":"android","udid":"98efea81057a8bc5"}
[HTTP] <-- POST /wd/hub/session 200 86320 ms - 450 
[HTTP] --> GET /wd/hub/status {}
[debug] [MJSONWP] Calling AppiumDriver.getStatus() [HTTP] <-- POST /wd/hub/session 500 807528 ms - 606 
with driver.getStatus() result: {"build":{"version":"1.7.2","revision":null}}
[HTTP] <-- GET /wd/hub/status 200 3 ms - 83 
[HTTP] --> POST /wd/hub/session/03d9be6f-45e2-4663-a948-6bea5d38aed8/timeouts {"type":"implicit","ms":60000}
[debug] [MJSONWP] Calling AppiumDriver.timeouts() with args: ["implicit",60000,"03d9be6f-45e2-4663-a948-6bea5d38aed8"]
[debug] [BaseDriver] Set implicit wait to 60000ms
[debug] [MJSONWP] Responding to client with driver.timeouts() result: null
[HTTP] <-- POST /wd/hub/session/03d9be6f-45e2-4663-a948-6bea5d38aed8/timeouts 200 9 ms - 76 
[HTTP] --> GET /wd/hub/session/03d9be6f-45e2-4663-a948-6bea5d38aed8/source {}
[MJSONWP] Driver proxy active, passing request on via HTTP proxy
[debug] [JSONWP Proxy] Proxying [GET /wd/hub/session/03d9be6f-45e2-4663-a948-6bea5d38aed8/source] to [GET http://localhost:8200/wd/hub/session/350b9cb9-54ca-4578-8535-1e888a957d33/source] with body: {}
[HTTP] <-- GET /wd/hub/session/03d9be6f-45e2-4663-a948-6bea5d38aed8/source - - ms - - 
